{"/Users/carlosranoya/Documents/fullcycle/ci-node/src/base64.js": {"path":"/Users/carlosranoya/Documents/fullcycle/ci-node/src/base64.js","statementMap":{"0":{"start":{"line":2,"column":20},"end":{"line":2,"column":86}},"1":{"start":{"line":7,"column":10},"end":{"line":7,"column":12}},"2":{"start":{"line":8,"column":10},"end":{"line":8,"column":12}},"3":{"start":{"line":9,"column":10},"end":{"line":9,"column":22}},"4":{"start":{"line":12,"column":2},"end":{"line":17,"column":3}},"5":{"start":{"line":13,"column":4},"end":{"line":16,"column":5}},"6":{"start":{"line":14,"column":6},"end":{"line":14,"column":15}},"7":{"start":{"line":15,"column":6},"end":{"line":15,"column":16}},"8":{"start":{"line":20,"column":2},"end":{"line":35,"column":3}},"9":{"start":{"line":23,"column":4},"end":{"line":25,"column":5}},"10":{"start":{"line":24,"column":6},"end":{"line":24,"column":18}},"11":{"start":{"line":28,"column":12},"end":{"line":28,"column":82}},"12":{"start":{"line":31,"column":4},"end":{"line":31,"column":67}},"13":{"start":{"line":34,"column":4},"end":{"line":34,"column":87}},"14":{"start":{"line":37,"column":2},"end":{"line":37,"column":49}},"15":{"start":{"line":45,"column":2},"end":{"line":45,"column":70}},"16":{"start":{"line":48,"column":11},"end":{"line":49,"column":57}},"17":{"start":{"line":50,"column":10},"end":{"line":50,"column":12}},"18":{"start":{"line":51,"column":2},"end":{"line":51,"column":43}},"19":{"start":{"line":54,"column":2},"end":{"line":63,"column":3}},"20":{"start":{"line":54,"column":15},"end":{"line":54,"column":16}},"21":{"start":{"line":58,"column":12},"end":{"line":59,"column":90}},"22":{"start":{"line":62,"column":4},"end":{"line":62,"column":73}},"23":{"start":{"line":65,"column":2},"end":{"line":65,"column":45}},"24":{"start":{"line":68,"column":0},"end":{"line":71,"column":1}}},"fnMap":{"0":{"name":"encode","decl":{"start":{"line":4,"column":9},"end":{"line":4,"column":15}},"loc":{"start":{"line":5,"column":0},"end":{"line":38,"column":1}},"line":5},"1":{"name":"decode","decl":{"start":{"line":40,"column":9},"end":{"line":40,"column":15}},"loc":{"start":{"line":41,"column":0},"end":{"line":66,"column":1}},"line":41}},"branchMap":{"0":{"loc":{"start":{"line":12,"column":2},"end":{"line":17,"column":3}},"type":"if","locations":[{"start":{"line":12,"column":2},"end":{"line":17,"column":3}},{"start":{},"end":{}}],"line":12},"1":{"loc":{"start":{"line":23,"column":4},"end":{"line":25,"column":5}},"type":"if","locations":[{"start":{"line":23,"column":4},"end":{"line":25,"column":5}},{"start":{},"end":{}}],"line":23},"2":{"loc":{"start":{"line":23,"column":8},"end":{"line":23,"column":38}},"type":"binary-expr","locations":[{"start":{"line":23,"column":8},"end":{"line":23,"column":13}},{"start":{"line":23,"column":17},"end":{"line":23,"column":38}}],"line":23},"3":{"loc":{"start":{"line":48,"column":11},"end":{"line":49,"column":57}},"type":"cond-expr","locations":[{"start":{"line":49,"column":11},"end":{"line":49,"column":51}},{"start":{"line":49,"column":55},"end":{"line":49,"column":57}}],"line":48},"4":{"loc":{"start":{"line":49,"column":11},"end":{"line":49,"column":51}},"type":"cond-expr","locations":[{"start":{"line":49,"column":41},"end":{"line":49,"column":45}},{"start":{"line":49,"column":48},"end":{"line":49,"column":51}}],"line":49}},"s":{"0":1,"1":1,"2":1,"3":1,"4":1,"5":1,"6":2,"7":2,"8":1,"9":3,"10":0,"11":3,"12":3,"13":3,"14":1,"15":1,"16":1,"17":1,"18":1,"19":1,"20":1,"21":3,"22":3,"23":1,"24":1},"f":{"0":1,"1":1},"b":{"0":[1,0],"1":[0,3],"2":[3,2],"3":[1,0],"4":[1,0]},"_coverageSchema":"1a1c01bbd47fc00a2c39e90264f33305004495a9","hash":"52423309a3cbc9f77c400d8a26dcadaefa2b1991"}
}
